<?xml version="1.0" encoding="UTF-8"?>
<!-- Generated by org.testng.reporters.JUnitXMLReporter -->
<testsuite hostname="C1GF112CIQ" name="Default test" tests="5" failures="0" timestamp="24 Sep 2019 04:30:01 GMT" time="0.031" errors="0">
  <testcase name="test_min_1" time="0.009" classname="all_Java_Practice.PrioritySequesnce"/>
  <testcase name="test3" time="0.001" classname="all_Java_Practice.PrioritySequesnce"/>
  <testcase name="test_Aothing" time="0.001" classname="all_Java_Practice.PrioritySequesnce"/>
  <testcase name="test1" time="0.002" classname="all_Java_Practice.PrioritySequesnce"/>
  <testcase name="test2" time="0.003" classname="all_Java_Practice.PrioritySequesnce"/>
</testsuite> <!-- Default test -->
