<?xml version="1.0" encoding="UTF-8"?>
<testng-results skipped="0" failed="0" total="5" passed="5">
  <reporter-output>
  </reporter-output>
  <suite name="Default suite" duration-ms="31" started-at="2019-09-24T04:30:01Z" finished-at="2019-09-24T04:30:01Z">
    <groups>
    </groups>
    <test name="Default test" duration-ms="31" started-at="2019-09-24T04:30:01Z" finished-at="2019-09-24T04:30:01Z">
      <class name="all_Java_Practice.PrioritySequesnce">
        <test-method status="PASS" signature="test_min_1()[pri:0, instance:all_Java_Practice.PrioritySequesnce@9629756]" name="test_min_1" duration-ms="9" started-at="2019-09-24T10:00:01Z" finished-at="2019-09-24T10:00:01Z">
          <reporter-output>
          </reporter-output>
        </test-method> <!-- test_min_1 -->
        <test-method status="PASS" signature="test3()[pri:0, instance:all_Java_Practice.PrioritySequesnce@9629756]" name="test3" duration-ms="1" started-at="2019-09-24T10:00:01Z" finished-at="2019-09-24T10:00:01Z">
          <reporter-output>
          </reporter-output>
        </test-method> <!-- test3 -->
        <test-method status="PASS" signature="test_Aothing()[pri:0, instance:all_Java_Practice.PrioritySequesnce@9629756]" name="test_Aothing" duration-ms="1" started-at="2019-09-24T10:00:01Z" finished-at="2019-09-24T10:00:01Z">
          <reporter-output>
          </reporter-output>
        </test-method> <!-- test_Aothing -->
        <test-method status="PASS" signature="test1()[pri:0, instance:all_Java_Practice.PrioritySequesnce@9629756]" name="test1" duration-ms="2" started-at="2019-09-24T10:00:01Z" finished-at="2019-09-24T10:00:01Z">
          <reporter-output>
          </reporter-output>
        </test-method> <!-- test1 -->
        <test-method status="PASS" signature="test2()[pri:0, instance:all_Java_Practice.PrioritySequesnce@9629756]" name="test2" duration-ms="3" started-at="2019-09-24T10:00:01Z" finished-at="2019-09-24T10:00:01Z">
          <reporter-output>
          </reporter-output>
        </test-method> <!-- test2 -->
      </class> <!-- all_Java_Practice.PrioritySequesnce -->
    </test> <!-- Default test -->
  </suite> <!-- Default suite -->
</testng-results>
